The system is: Darwin - 20.6.0 - x86_64
Compiling the C compiler identification source file "CMakeCCompilerId.c" succeeded.
Compiler: /Users/Jeremi/opt/anaconda3/envs/svj/bin/x86_64-apple-darwin13.4.0-clang 
Build flags: -march=core2;-mtune=haswell;-mssse3;-ftree-vectorize;-fPIC;-fPIE;-fstack-protector-strong;-O2;-pipe;-isystem;/Users/jeremi/opt/anaconda3/envs/svj/include
Id flags:  

The output was:
0


Compilation of the C compiler identification source "CMakeCCompilerId.c" produced "a.out"

The C compiler identification is Clang, found in "/Users/Jeremi/Documents/Physics/Fellow/lightByLight2018/starlight_r313/build/CMakeFiles/3.20.2/CompilerIdC/a.out"

Compiling the CXX compiler identification source file "CMakeCXXCompilerId.cpp" succeeded.
Compiler: /Users/Jeremi/opt/anaconda3/envs/svj/bin/x86_64-apple-darwin13.4.0-clang++ 
Build flags: -march=core2;-mtune=haswell;-mssse3;-ftree-vectorize;-fPIC;-fPIE;-fstack-protector-strong;-O2;-pipe;-stdlib=libc++;-fvisibility-inlines-hidden;-std=c++14;-fmessage-length=0;-isystem;/Users/jeremi/opt/anaconda3/envs/svj/include
Id flags:  

The output was:
0


Compilation of the CXX compiler identification source "CMakeCXXCompilerId.cpp" produced "a.out"

The CXX compiler identification is Clang, found in "/Users/Jeremi/Documents/Physics/Fellow/lightByLight2018/starlight_r313/build/CMakeFiles/3.20.2/CompilerIdCXX/a.out"

Detecting C compiler ABI info compiled with the following output:
Change Dir: /Users/Jeremi/Documents/Physics/Fellow/lightByLight2018/starlight_r313/build/CMakeFiles/CMakeTmp

Run Build Command(s):/usr/bin/make -f Makefile cmTC_67c06/fast && /Applications/Xcode.app/Contents/Developer/usr/bin/make  -f CMakeFiles/cmTC_67c06.dir/build.make CMakeFiles/cmTC_67c06.dir/build
Building C object CMakeFiles/cmTC_67c06.dir/CMakeCCompilerABI.c.o
/Users/Jeremi/opt/anaconda3/envs/svj/bin/x86_64-apple-darwin13.4.0-clang   -march=core2 -mtune=haswell -mssse3 -ftree-vectorize -fPIC -fPIE -fstack-protector-strong -O2 -pipe -isystem /Users/jeremi/opt/anaconda3/envs/svj/include  -isysroot /Applications/Xcode.app/Contents/Developer/Platforms/MacOSX.platform/Developer/SDKs/MacOSX.sdk   -v -Wl,-v -MD -MT CMakeFiles/cmTC_67c06.dir/CMakeCCompilerABI.c.o -MF CMakeFiles/cmTC_67c06.dir/CMakeCCompilerABI.c.o.d -o CMakeFiles/cmTC_67c06.dir/CMakeCCompilerABI.c.o -c /usr/local/Cellar/cmake/3.20.2/share/cmake/Modules/CMakeCCompilerABI.c
clang version 11.1.0
Target: x86_64-apple-darwin13.4.0
Thread model: posix
InstalledDir: /Users/Jeremi/opt/anaconda3/envs/svj/bin
clang-11: warning: -Wl,-v: 'linker' input unused [-Wunused-command-line-argument]
 (in-process)
 "/Users/jeremi/opt/anaconda3/envs/svj/bin/clang-11" -cc1 -triple x86_64-apple-macosx11.0.0 -Wundef-prefix=TARGET_OS_OSX -Werror=undef-prefix -Wdeprecated-objc-isa-usage -Werror=deprecated-objc-isa-usage -emit-obj -disable-free -disable-llvm-verifier -discard-value-names -main-file-name CMakeCCompilerABI.c -mrelocation-model pic -pic-level 2 -mframe-pointer=all -fno-rounding-math -munwind-tables -target-sdk-version=11.1 -fcompatibility-qualified-id-block-type-checking -target-cpu core2 -target-feature +ssse3 -debugger-tuning=lldb -target-linker-version 530 -v -resource-dir /Users/jeremi/opt/anaconda3/envs/svj/lib/clang/11.1.0 -dependency-file CMakeFiles/cmTC_67c06.dir/CMakeCCompilerABI.c.o.d -MT CMakeFiles/cmTC_67c06.dir/CMakeCCompilerABI.c.o -sys-header-deps -isystem /Users/jeremi/opt/anaconda3/envs/svj/include -isysroot /Applications/Xcode.app/Contents/Developer/Platforms/MacOSX.platform/Developer/SDKs/MacOSX.sdk -internal-isystem /Applications/Xcode.app/Contents/Developer/Platforms/MacOSX.platform/Developer/SDKs/MacOSX.sdk/usr/local/include -internal-isystem /Users/jeremi/opt/anaconda3/envs/svj/lib/clang/11.1.0/include -internal-externc-isystem /Applications/Xcode.app/Contents/Developer/Platforms/MacOSX.platform/Developer/SDKs/MacOSX.sdk/usr/include -O2 -fdebug-compilation-dir /Users/jeremi/Documents/Physics/Fellow/lightByLight2018/starlight_r313/build/CMakeFiles/CMakeTmp -ferror-limit 19 -stack-protector 2 -fblocks -fencode-extended-block-signature -fregister-global-dtors-with-atexit -fgnuc-version=4.2.1 -fmax-type-align=16 -vectorize-loops -vectorize-slp -o CMakeFiles/cmTC_67c06.dir/CMakeCCompilerABI.c.o -x c /usr/local/Cellar/cmake/3.20.2/share/cmake/Modules/CMakeCCompilerABI.c
clang -cc1 version 11.1.0 based upon LLVM 11.1.0 default target x86_64-apple-darwin20.6.0
ignoring nonexistent directory "/Applications/Xcode.app/Contents/Developer/Platforms/MacOSX.platform/Developer/SDKs/MacOSX.sdk/usr/local/include"
ignoring nonexistent directory "/Applications/Xcode.app/Contents/Developer/Platforms/MacOSX.platform/Developer/SDKs/MacOSX.sdk/Library/Frameworks"
#include "..." search starts here:
#include <...> search starts here:
 /Users/jeremi/opt/anaconda3/envs/svj/include
 /Users/jeremi/opt/anaconda3/envs/svj/lib/clang/11.1.0/include
 /Applications/Xcode.app/Contents/Developer/Platforms/MacOSX.platform/Developer/SDKs/MacOSX.sdk/usr/include
 /Applications/Xcode.app/Contents/Developer/Platforms/MacOSX.platform/Developer/SDKs/MacOSX.sdk/System/Library/Frameworks (framework directory)
End of search list.
Linking C executable cmTC_67c06
/usr/local/Cellar/cmake/3.20.2/bin/cmake -E cmake_link_script CMakeFiles/cmTC_67c06.dir/link.txt --verbose=1
/Users/Jeremi/opt/anaconda3/envs/svj/bin/x86_64-apple-darwin13.4.0-clang -march=core2 -mtune=haswell -mssse3 -ftree-vectorize -fPIC -fPIE -fstack-protector-strong -O2 -pipe -isystem /Users/jeremi/opt/anaconda3/envs/svj/include  -isysroot /Applications/Xcode.app/Contents/Developer/Platforms/MacOSX.platform/Developer/SDKs/MacOSX.sdk -Wl,-search_paths_first -Wl,-headerpad_max_install_names -Wl,-pie -Wl,-headerpad_max_install_names -Wl,-dead_strip_dylibs -Wl,-rpath,/Users/jeremi/opt/anaconda3/envs/ml/lib -L/Users/jeremi/opt/anaconda3/envs/ml/lib -v -Wl,-v CMakeFiles/cmTC_67c06.dir/CMakeCCompilerABI.c.o -o cmTC_67c06 
clang version 11.1.0
Target: x86_64-apple-darwin13.4.0
Thread model: posix
InstalledDir: /Users/Jeremi/opt/anaconda3/envs/svj/bin
 "/Users/Jeremi/opt/anaconda3/envs/svj/bin/x86_64-apple-darwin13.4.0-ld" -demangle -lto_library /Users/jeremi/opt/anaconda3/envs/svj/lib/libLTO.11.dylib -dynamic -arch x86_64 -platform_version macos 11.0.0 11.1 -pie -syslibroot /Applications/Xcode.app/Contents/Developer/Platforms/MacOSX.platform/Developer/SDKs/MacOSX.sdk -o cmTC_67c06 -L/Users/jeremi/opt/anaconda3/envs/ml/lib -search_paths_first -headerpad_max_install_names -pie -headerpad_max_install_names -dead_strip_dylibs -rpath /Users/jeremi/opt/anaconda3/envs/ml/lib -v CMakeFiles/cmTC_67c06.dir/CMakeCCompilerABI.c.o -lSystem /Users/jeremi/opt/anaconda3/envs/svj/lib/clang/11.1.0/lib/darwin/libclang_rt.osx.a
@(#)PROGRAM:ld  PROJECT:ld64-530
BUILD 16:51:25 Apr  5 2021
configured to support archs: armv6 armv7 armv7s arm64 arm64e arm64_32 i386 x86_64 x86_64h armv6m armv7k armv7m armv7em (tvOS)
Library search paths:
	/Users/jeremi/opt/anaconda3/envs/ml/lib
	/Applications/Xcode.app/Contents/Developer/Platforms/MacOSX.platform/Developer/SDKs/MacOSX.sdk/usr/lib
Framework search paths:
	/Applications/Xcode.app/Contents/Developer/Platforms/MacOSX.platform/Developer/SDKs/MacOSX.sdk/System/Library/Frameworks/



Parsed C implicit include dir info from above output: rv=done
  found start of include info
  found start of implicit include info
    add: [/Users/jeremi/opt/anaconda3/envs/svj/include]
    add: [/Users/jeremi/opt/anaconda3/envs/svj/lib/clang/11.1.0/include]
    add: [/Applications/Xcode.app/Contents/Developer/Platforms/MacOSX.platform/Developer/SDKs/MacOSX.sdk/usr/include]
  end of search list found
  collapse include dir [/Users/jeremi/opt/anaconda3/envs/svj/include] ==> [/Users/Jeremi/opt/anaconda3/envs/svj/include]
  collapse include dir [/Users/jeremi/opt/anaconda3/envs/svj/lib/clang/11.1.0/include] ==> [/Users/Jeremi/opt/anaconda3/envs/svj/lib/clang/11.1.0/include]
  collapse include dir [/Applications/Xcode.app/Contents/Developer/Platforms/MacOSX.platform/Developer/SDKs/MacOSX.sdk/usr/include] ==> [/Applications/Xcode.app/Contents/Developer/Platforms/MacOSX.platform/Developer/SDKs/MacOSX.sdk/usr/include]
  implicit include dirs: [/Users/Jeremi/opt/anaconda3/envs/svj/include;/Users/Jeremi/opt/anaconda3/envs/svj/lib/clang/11.1.0/include;/Applications/Xcode.app/Contents/Developer/Platforms/MacOSX.platform/Developer/SDKs/MacOSX.sdk/usr/include]


Parsed C implicit link information from above output:
  link line regex: [^( *|.*[/\])(x86_64-apple-darwin13\.4\.0-ld|CMAKE_LINK_STARTFILE-NOTFOUND|([^/\]+-)?ld|collect2)[^/\]*( |$)]
  ignore line: [Change Dir: /Users/Jeremi/Documents/Physics/Fellow/lightByLight2018/starlight_r313/build/CMakeFiles/CMakeTmp]
  ignore line: []
  ignore line: [Run Build Command(s):/usr/bin/make -f Makefile cmTC_67c06/fast && /Applications/Xcode.app/Contents/Developer/usr/bin/make  -f CMakeFiles/cmTC_67c06.dir/build.make CMakeFiles/cmTC_67c06.dir/build]
  ignore line: [Building C object CMakeFiles/cmTC_67c06.dir/CMakeCCompilerABI.c.o]
  ignore line: [/Users/Jeremi/opt/anaconda3/envs/svj/bin/x86_64-apple-darwin13.4.0-clang   -march=core2 -mtune=haswell -mssse3 -ftree-vectorize -fPIC -fPIE -fstack-protector-strong -O2 -pipe -isystem /Users/jeremi/opt/anaconda3/envs/svj/include  -isysroot /Applications/Xcode.app/Contents/Developer/Platforms/MacOSX.platform/Developer/SDKs/MacOSX.sdk   -v -Wl -v -MD -MT CMakeFiles/cmTC_67c06.dir/CMakeCCompilerABI.c.o -MF CMakeFiles/cmTC_67c06.dir/CMakeCCompilerABI.c.o.d -o CMakeFiles/cmTC_67c06.dir/CMakeCCompilerABI.c.o -c /usr/local/Cellar/cmake/3.20.2/share/cmake/Modules/CMakeCCompilerABI.c]
  ignore line: [clang version 11.1.0]
  ignore line: [Target: x86_64-apple-darwin13.4.0]
  ignore line: [Thread model: posix]
  ignore line: [InstalledDir: /Users/Jeremi/opt/anaconda3/envs/svj/bin]
  ignore line: [clang-11: warning: -Wl -v: 'linker' input unused [-Wunused-command-line-argument]]
  ignore line: [ (in-process)]
  ignore line: [ "/Users/jeremi/opt/anaconda3/envs/svj/bin/clang-11" -cc1 -triple x86_64-apple-macosx11.0.0 -Wundef-prefix=TARGET_OS_OSX -Werror=undef-prefix -Wdeprecated-objc-isa-usage -Werror=deprecated-objc-isa-usage -emit-obj -disable-free -disable-llvm-verifier -discard-value-names -main-file-name CMakeCCompilerABI.c -mrelocation-model pic -pic-level 2 -mframe-pointer=all -fno-rounding-math -munwind-tables -target-sdk-version=11.1 -fcompatibility-qualified-id-block-type-checking -target-cpu core2 -target-feature +ssse3 -debugger-tuning=lldb -target-linker-version 530 -v -resource-dir /Users/jeremi/opt/anaconda3/envs/svj/lib/clang/11.1.0 -dependency-file CMakeFiles/cmTC_67c06.dir/CMakeCCompilerABI.c.o.d -MT CMakeFiles/cmTC_67c06.dir/CMakeCCompilerABI.c.o -sys-header-deps -isystem /Users/jeremi/opt/anaconda3/envs/svj/include -isysroot /Applications/Xcode.app/Contents/Developer/Platforms/MacOSX.platform/Developer/SDKs/MacOSX.sdk -internal-isystem /Applications/Xcode.app/Contents/Developer/Platforms/MacOSX.platform/Developer/SDKs/MacOSX.sdk/usr/local/include -internal-isystem /Users/jeremi/opt/anaconda3/envs/svj/lib/clang/11.1.0/include -internal-externc-isystem /Applications/Xcode.app/Contents/Developer/Platforms/MacOSX.platform/Developer/SDKs/MacOSX.sdk/usr/include -O2 -fdebug-compilation-dir /Users/jeremi/Documents/Physics/Fellow/lightByLight2018/starlight_r313/build/CMakeFiles/CMakeTmp -ferror-limit 19 -stack-protector 2 -fblocks -fencode-extended-block-signature -fregister-global-dtors-with-atexit -fgnuc-version=4.2.1 -fmax-type-align=16 -vectorize-loops -vectorize-slp -o CMakeFiles/cmTC_67c06.dir/CMakeCCompilerABI.c.o -x c /usr/local/Cellar/cmake/3.20.2/share/cmake/Modules/CMakeCCompilerABI.c]
  ignore line: [clang -cc1 version 11.1.0 based upon LLVM 11.1.0 default target x86_64-apple-darwin20.6.0]
  ignore line: [ignoring nonexistent directory "/Applications/Xcode.app/Contents/Developer/Platforms/MacOSX.platform/Developer/SDKs/MacOSX.sdk/usr/local/include"]
  ignore line: [ignoring nonexistent directory "/Applications/Xcode.app/Contents/Developer/Platforms/MacOSX.platform/Developer/SDKs/MacOSX.sdk/Library/Frameworks"]
  ignore line: [#include "..." search starts here:]
  ignore line: [#include <...> search starts here:]
  ignore line: [ /Users/jeremi/opt/anaconda3/envs/svj/include]
  ignore line: [ /Users/jeremi/opt/anaconda3/envs/svj/lib/clang/11.1.0/include]
  ignore line: [ /Applications/Xcode.app/Contents/Developer/Platforms/MacOSX.platform/Developer/SDKs/MacOSX.sdk/usr/include]
  ignore line: [ /Applications/Xcode.app/Contents/Developer/Platforms/MacOSX.platform/Developer/SDKs/MacOSX.sdk/System/Library/Frameworks (framework directory)]
  ignore line: [End of search list.]
  ignore line: [Linking C executable cmTC_67c06]
  ignore line: [/usr/local/Cellar/cmake/3.20.2/bin/cmake -E cmake_link_script CMakeFiles/cmTC_67c06.dir/link.txt --verbose=1]
  ignore line: [/Users/Jeremi/opt/anaconda3/envs/svj/bin/x86_64-apple-darwin13.4.0-clang -march=core2 -mtune=haswell -mssse3 -ftree-vectorize -fPIC -fPIE -fstack-protector-strong -O2 -pipe -isystem /Users/jeremi/opt/anaconda3/envs/svj/include  -isysroot /Applications/Xcode.app/Contents/Developer/Platforms/MacOSX.platform/Developer/SDKs/MacOSX.sdk -Wl -search_paths_first -Wl -headerpad_max_install_names -Wl -pie -Wl -headerpad_max_install_names -Wl -dead_strip_dylibs -Wl -rpath /Users/jeremi/opt/anaconda3/envs/ml/lib -L/Users/jeremi/opt/anaconda3/envs/ml/lib -v -Wl -v CMakeFiles/cmTC_67c06.dir/CMakeCCompilerABI.c.o -o cmTC_67c06 ]
  ignore line: [clang version 11.1.0]
  ignore line: [Target: x86_64-apple-darwin13.4.0]
  ignore line: [Thread model: posix]
  ignore line: [InstalledDir: /Users/Jeremi/opt/anaconda3/envs/svj/bin]
  link line: [ "/Users/Jeremi/opt/anaconda3/envs/svj/bin/x86_64-apple-darwin13.4.0-ld" -demangle -lto_library /Users/jeremi/opt/anaconda3/envs/svj/lib/libLTO.11.dylib -dynamic -arch x86_64 -platform_version macos 11.0.0 11.1 -pie -syslibroot /Applications/Xcode.app/Contents/Developer/Platforms/MacOSX.platform/Developer/SDKs/MacOSX.sdk -o cmTC_67c06 -L/Users/jeremi/opt/anaconda3/envs/ml/lib -search_paths_first -headerpad_max_install_names -pie -headerpad_max_install_names -dead_strip_dylibs -rpath /Users/jeremi/opt/anaconda3/envs/ml/lib -v CMakeFiles/cmTC_67c06.dir/CMakeCCompilerABI.c.o -lSystem /Users/jeremi/opt/anaconda3/envs/svj/lib/clang/11.1.0/lib/darwin/libclang_rt.osx.a]
    arg [/Users/Jeremi/opt/anaconda3/envs/svj/bin/x86_64-apple-darwin13.4.0-ld] ==> ignore
    arg [-demangle] ==> ignore
    arg [-lto_library] ==> ignore, skip following value
    arg [/Users/jeremi/opt/anaconda3/envs/svj/lib/libLTO.11.dylib] ==> skip value of -lto_library
    arg [-dynamic] ==> ignore
    arg [-arch] ==> ignore
    arg [x86_64] ==> ignore
    arg [-platform_version] ==> ignore
    arg [macos] ==> ignore
    arg [11.0.0] ==> ignore
    arg [11.1] ==> ignore
    arg [-pie] ==> ignore
    arg [-syslibroot] ==> ignore
    arg [/Applications/Xcode.app/Contents/Developer/Platforms/MacOSX.platform/Developer/SDKs/MacOSX.sdk] ==> ignore
    arg [-o] ==> ignore
    arg [cmTC_67c06] ==> ignore
    arg [-L/Users/jeremi/opt/anaconda3/envs/ml/lib] ==> dir [/Users/jeremi/opt/anaconda3/envs/ml/lib]
    arg [-search_paths_first] ==> ignore
    arg [-headerpad_max_install_names] ==> ignore
    arg [-pie] ==> ignore
    arg [-headerpad_max_install_names] ==> ignore
    arg [-dead_strip_dylibs] ==> ignore
    arg [-rpath] ==> ignore
    arg [/Users/jeremi/opt/anaconda3/envs/ml/lib] ==> ignore
    arg [-v] ==> ignore
    arg [CMakeFiles/cmTC_67c06.dir/CMakeCCompilerABI.c.o] ==> ignore
    arg [-lSystem] ==> lib [System]
    arg [/Users/jeremi/opt/anaconda3/envs/svj/lib/clang/11.1.0/lib/darwin/libclang_rt.osx.a] ==> lib [/Users/jeremi/opt/anaconda3/envs/svj/lib/clang/11.1.0/lib/darwin/libclang_rt.osx.a]
  Library search paths: [;/Users/jeremi/opt/anaconda3/envs/ml/lib;/Applications/Xcode.app/Contents/Developer/Platforms/MacOSX.platform/Developer/SDKs/MacOSX.sdk/usr/lib]
  Framework search paths: [;/Applications/Xcode.app/Contents/Developer/Platforms/MacOSX.platform/Developer/SDKs/MacOSX.sdk/System/Library/Frameworks/]
  remove lib [System]
  remove lib [/Users/jeremi/opt/anaconda3/envs/svj/lib/clang/11.1.0/lib/darwin/libclang_rt.osx.a]
  collapse library dir [/Users/jeremi/opt/anaconda3/envs/ml/lib] ==> [/Users/Jeremi/opt/anaconda3/envs/ml/lib]
  collapse library dir [/Users/jeremi/opt/anaconda3/envs/ml/lib] ==> [/Users/Jeremi/opt/anaconda3/envs/ml/lib]
  collapse library dir [/Applications/Xcode.app/Contents/Developer/Platforms/MacOSX.platform/Developer/SDKs/MacOSX.sdk/usr/lib] ==> [/Applications/Xcode.app/Contents/Developer/Platforms/MacOSX.platform/Developer/SDKs/MacOSX.sdk/usr/lib]
  collapse framework dir [/Applications/Xcode.app/Contents/Developer/Platforms/MacOSX.platform/Developer/SDKs/MacOSX.sdk/System/Library/Frameworks/] ==> [/Applications/Xcode.app/Contents/Developer/Platforms/MacOSX.platform/Developer/SDKs/MacOSX.sdk/System/Library/Frameworks]
  implicit libs: []
  implicit objs: []
  implicit dirs: [/Users/Jeremi/opt/anaconda3/envs/ml/lib;/Applications/Xcode.app/Contents/Developer/Platforms/MacOSX.platform/Developer/SDKs/MacOSX.sdk/usr/lib]
  implicit fwks: [/Applications/Xcode.app/Contents/Developer/Platforms/MacOSX.platform/Developer/SDKs/MacOSX.sdk/System/Library/Frameworks]


Detecting CXX compiler ABI info compiled with the following output:
Change Dir: /Users/Jeremi/Documents/Physics/Fellow/lightByLight2018/starlight_r313/build/CMakeFiles/CMakeTmp

Run Build Command(s):/usr/bin/make -f Makefile cmTC_ff409/fast && /Applications/Xcode.app/Contents/Developer/usr/bin/make  -f CMakeFiles/cmTC_ff409.dir/build.make CMakeFiles/cmTC_ff409.dir/build
Building CXX object CMakeFiles/cmTC_ff409.dir/CMakeCXXCompilerABI.cpp.o
/Users/Jeremi/opt/anaconda3/envs/svj/bin/x86_64-apple-darwin13.4.0-clang++   -march=core2 -mtune=haswell -mssse3 -ftree-vectorize -fPIC -fPIE -fstack-protector-strong -O2 -pipe -stdlib=libc++ -fvisibility-inlines-hidden -std=c++14 -fmessage-length=0 -isystem /Users/jeremi/opt/anaconda3/envs/svj/include  -isysroot /Applications/Xcode.app/Contents/Developer/Platforms/MacOSX.platform/Developer/SDKs/MacOSX.sdk   -v -Wl,-v -MD -MT CMakeFiles/cmTC_ff409.dir/CMakeCXXCompilerABI.cpp.o -MF CMakeFiles/cmTC_ff409.dir/CMakeCXXCompilerABI.cpp.o.d -o CMakeFiles/cmTC_ff409.dir/CMakeCXXCompilerABI.cpp.o -c /usr/local/Cellar/cmake/3.20.2/share/cmake/Modules/CMakeCXXCompilerABI.cpp
clang version 11.1.0
Target: x86_64-apple-darwin13.4.0
Thread model: posix
InstalledDir: /Users/Jeremi/opt/anaconda3/envs/svj/bin
clang-11: warning: -Wl,-v: 'linker' input unused [-Wunused-command-line-argument]
 (in-process)
 "/Users/jeremi/opt/anaconda3/envs/svj/bin/clang-11" -cc1 -triple x86_64-apple-macosx11.0.0 -Wundef-prefix=TARGET_OS_OSX -Werror=undef-prefix -Wdeprecated-objc-isa-usage -Werror=deprecated-objc-isa-usage -emit-obj -disable-free -disable-llvm-verifier -discard-value-names -main-file-name CMakeCXXCompilerABI.cpp -mrelocation-model pic -pic-level 2 -mframe-pointer=all -fno-rounding-math -munwind-tables -target-sdk-version=11.1 -fcompatibility-qualified-id-block-type-checking -target-cpu core2 -target-feature +ssse3 -debugger-tuning=lldb -target-linker-version 530 -v -resource-dir /Users/jeremi/opt/anaconda3/envs/svj/lib/clang/11.1.0 -dependency-file CMakeFiles/cmTC_ff409.dir/CMakeCXXCompilerABI.cpp.o.d -MT CMakeFiles/cmTC_ff409.dir/CMakeCXXCompilerABI.cpp.o -sys-header-deps -isystem /Users/jeremi/opt/anaconda3/envs/svj/include -isysroot /Applications/Xcode.app/Contents/Developer/Platforms/MacOSX.platform/Developer/SDKs/MacOSX.sdk -stdlib=libc++ -internal-isystem /Users/Jeremi/opt/anaconda3/envs/svj/bin/../include/c++/v1 -internal-isystem /Applications/Xcode.app/Contents/Developer/Platforms/MacOSX.platform/Developer/SDKs/MacOSX.sdk/usr/local/include -internal-isystem /Users/jeremi/opt/anaconda3/envs/svj/lib/clang/11.1.0/include -internal-externc-isystem /Applications/Xcode.app/Contents/Developer/Platforms/MacOSX.platform/Developer/SDKs/MacOSX.sdk/usr/include -O2 -std=c++14 -fdeprecated-macro -fdebug-compilation-dir /Users/jeremi/Documents/Physics/Fellow/lightByLight2018/starlight_r313/build/CMakeFiles/CMakeTmp -ferror-limit 19 -fvisibility-inlines-hidden -stack-protector 2 -fblocks -fencode-extended-block-signature -fregister-global-dtors-with-atexit -fgnuc-version=4.2.1 -fcxx-exceptions -fexceptions -fmax-type-align=16 -vectorize-loops -vectorize-slp -o CMakeFiles/cmTC_ff409.dir/CMakeCXXCompilerABI.cpp.o -x c++ /usr/local/Cellar/cmake/3.20.2/share/cmake/Modules/CMakeCXXCompilerABI.cpp
clang -cc1 version 11.1.0 based upon LLVM 11.1.0 default target x86_64-apple-darwin20.6.0
ignoring nonexistent directory "/Applications/Xcode.app/Contents/Developer/Platforms/MacOSX.platform/Developer/SDKs/MacOSX.sdk/usr/local/include"
ignoring nonexistent directory "/Applications/Xcode.app/Contents/Developer/Platforms/MacOSX.platform/Developer/SDKs/MacOSX.sdk/Library/Frameworks"
#include "..." search starts here:
#include <...> search starts here:
 /Users/jeremi/opt/anaconda3/envs/svj/include
 /Users/Jeremi/opt/anaconda3/envs/svj/bin/../include/c++/v1
 /Users/jeremi/opt/anaconda3/envs/svj/lib/clang/11.1.0/include
 /Applications/Xcode.app/Contents/Developer/Platforms/MacOSX.platform/Developer/SDKs/MacOSX.sdk/usr/include
 /Applications/Xcode.app/Contents/Developer/Platforms/MacOSX.platform/Developer/SDKs/MacOSX.sdk/System/Library/Frameworks (framework directory)
End of search list.
Linking CXX executable cmTC_ff409
/usr/local/Cellar/cmake/3.20.2/bin/cmake -E cmake_link_script CMakeFiles/cmTC_ff409.dir/link.txt --verbose=1
/Users/Jeremi/opt/anaconda3/envs/svj/bin/x86_64-apple-darwin13.4.0-clang++ -march=core2 -mtune=haswell -mssse3 -ftree-vectorize -fPIC -fPIE -fstack-protector-strong -O2 -pipe -stdlib=libc++ -fvisibility-inlines-hidden -std=c++14 -fmessage-length=0 -isystem /Users/jeremi/opt/anaconda3/envs/svj/include  -isysroot /Applications/Xcode.app/Contents/Developer/Platforms/MacOSX.platform/Developer/SDKs/MacOSX.sdk -Wl,-search_paths_first -Wl,-headerpad_max_install_names -Wl,-pie -Wl,-headerpad_max_install_names -Wl,-dead_strip_dylibs -Wl,-rpath,/Users/jeremi/opt/anaconda3/envs/ml/lib -L/Users/jeremi/opt/anaconda3/envs/ml/lib -v -Wl,-v CMakeFiles/cmTC_ff409.dir/CMakeCXXCompilerABI.cpp.o -o cmTC_ff409 
clang version 11.1.0
Target: x86_64-apple-darwin13.4.0
Thread model: posix
InstalledDir: /Users/Jeremi/opt/anaconda3/envs/svj/bin
 "/Users/Jeremi/opt/anaconda3/envs/svj/bin/x86_64-apple-darwin13.4.0-ld" -demangle -lto_library /Users/jeremi/opt/anaconda3/envs/svj/lib/libLTO.11.dylib -dynamic -arch x86_64 -platform_version macos 11.0.0 11.1 -pie -syslibroot /Applications/Xcode.app/Contents/Developer/Platforms/MacOSX.platform/Developer/SDKs/MacOSX.sdk -o cmTC_ff409 -L/Users/jeremi/opt/anaconda3/envs/ml/lib -search_paths_first -headerpad_max_install_names -pie -headerpad_max_install_names -dead_strip_dylibs -rpath /Users/jeremi/opt/anaconda3/envs/ml/lib -v CMakeFiles/cmTC_ff409.dir/CMakeCXXCompilerABI.cpp.o -lc++ -lSystem /Users/jeremi/opt/anaconda3/envs/svj/lib/clang/11.1.0/lib/darwin/libclang_rt.osx.a
@(#)PROGRAM:ld  PROJECT:ld64-530
BUILD 16:51:25 Apr  5 2021
configured to support archs: armv6 armv7 armv7s arm64 arm64e arm64_32 i386 x86_64 x86_64h armv6m armv7k armv7m armv7em (tvOS)
Library search paths:
	/Users/jeremi/opt/anaconda3/envs/ml/lib
	/Applications/Xcode.app/Contents/Developer/Platforms/MacOSX.platform/Developer/SDKs/MacOSX.sdk/usr/lib
Framework search paths:
	/Applications/Xcode.app/Contents/Developer/Platforms/MacOSX.platform/Developer/SDKs/MacOSX.sdk/System/Library/Frameworks/



Parsed CXX implicit include dir info from above output: rv=done
  found start of include info
  found start of implicit include info
    add: [/Users/jeremi/opt/anaconda3/envs/svj/include]
    add: [/Users/Jeremi/opt/anaconda3/envs/svj/bin/../include/c++/v1]
    add: [/Users/jeremi/opt/anaconda3/envs/svj/lib/clang/11.1.0/include]
    add: [/Applications/Xcode.app/Contents/Developer/Platforms/MacOSX.platform/Developer/SDKs/MacOSX.sdk/usr/include]
  end of search list found
  collapse include dir [/Users/jeremi/opt/anaconda3/envs/svj/include] ==> [/Users/Jeremi/opt/anaconda3/envs/svj/include]
  collapse include dir [/Users/Jeremi/opt/anaconda3/envs/svj/bin/../include/c++/v1] ==> [/Users/Jeremi/opt/anaconda3/envs/svj/include/c++/v1]
  collapse include dir [/Users/jeremi/opt/anaconda3/envs/svj/lib/clang/11.1.0/include] ==> [/Users/Jeremi/opt/anaconda3/envs/svj/lib/clang/11.1.0/include]
  collapse include dir [/Applications/Xcode.app/Contents/Developer/Platforms/MacOSX.platform/Developer/SDKs/MacOSX.sdk/usr/include] ==> [/Applications/Xcode.app/Contents/Developer/Platforms/MacOSX.platform/Developer/SDKs/MacOSX.sdk/usr/include]
  implicit include dirs: [/Users/Jeremi/opt/anaconda3/envs/svj/include;/Users/Jeremi/opt/anaconda3/envs/svj/include/c++/v1;/Users/Jeremi/opt/anaconda3/envs/svj/lib/clang/11.1.0/include;/Applications/Xcode.app/Contents/Developer/Platforms/MacOSX.platform/Developer/SDKs/MacOSX.sdk/usr/include]


Parsed CXX implicit link information from above output:
  link line regex: [^( *|.*[/\])(x86_64-apple-darwin13\.4\.0-ld|CMAKE_LINK_STARTFILE-NOTFOUND|([^/\]+-)?ld|collect2)[^/\]*( |$)]
  ignore line: [Change Dir: /Users/Jeremi/Documents/Physics/Fellow/lightByLight2018/starlight_r313/build/CMakeFiles/CMakeTmp]
  ignore line: []
  ignore line: [Run Build Command(s):/usr/bin/make -f Makefile cmTC_ff409/fast && /Applications/Xcode.app/Contents/Developer/usr/bin/make  -f CMakeFiles/cmTC_ff409.dir/build.make CMakeFiles/cmTC_ff409.dir/build]
  ignore line: [Building CXX object CMakeFiles/cmTC_ff409.dir/CMakeCXXCompilerABI.cpp.o]
  ignore line: [/Users/Jeremi/opt/anaconda3/envs/svj/bin/x86_64-apple-darwin13.4.0-clang++   -march=core2 -mtune=haswell -mssse3 -ftree-vectorize -fPIC -fPIE -fstack-protector-strong -O2 -pipe -stdlib=libc++ -fvisibility-inlines-hidden -std=c++14 -fmessage-length=0 -isystem /Users/jeremi/opt/anaconda3/envs/svj/include  -isysroot /Applications/Xcode.app/Contents/Developer/Platforms/MacOSX.platform/Developer/SDKs/MacOSX.sdk   -v -Wl -v -MD -MT CMakeFiles/cmTC_ff409.dir/CMakeCXXCompilerABI.cpp.o -MF CMakeFiles/cmTC_ff409.dir/CMakeCXXCompilerABI.cpp.o.d -o CMakeFiles/cmTC_ff409.dir/CMakeCXXCompilerABI.cpp.o -c /usr/local/Cellar/cmake/3.20.2/share/cmake/Modules/CMakeCXXCompilerABI.cpp]
  ignore line: [clang version 11.1.0]
  ignore line: [Target: x86_64-apple-darwin13.4.0]
  ignore line: [Thread model: posix]
  ignore line: [InstalledDir: /Users/Jeremi/opt/anaconda3/envs/svj/bin]
  ignore line: [clang-11: warning: -Wl -v: 'linker' input unused [-Wunused-command-line-argument]]
  ignore line: [ (in-process)]
  ignore line: [ "/Users/jeremi/opt/anaconda3/envs/svj/bin/clang-11" -cc1 -triple x86_64-apple-macosx11.0.0 -Wundef-prefix=TARGET_OS_OSX -Werror=undef-prefix -Wdeprecated-objc-isa-usage -Werror=deprecated-objc-isa-usage -emit-obj -disable-free -disable-llvm-verifier -discard-value-names -main-file-name CMakeCXXCompilerABI.cpp -mrelocation-model pic -pic-level 2 -mframe-pointer=all -fno-rounding-math -munwind-tables -target-sdk-version=11.1 -fcompatibility-qualified-id-block-type-checking -target-cpu core2 -target-feature +ssse3 -debugger-tuning=lldb -target-linker-version 530 -v -resource-dir /Users/jeremi/opt/anaconda3/envs/svj/lib/clang/11.1.0 -dependency-file CMakeFiles/cmTC_ff409.dir/CMakeCXXCompilerABI.cpp.o.d -MT CMakeFiles/cmTC_ff409.dir/CMakeCXXCompilerABI.cpp.o -sys-header-deps -isystem /Users/jeremi/opt/anaconda3/envs/svj/include -isysroot /Applications/Xcode.app/Contents/Developer/Platforms/MacOSX.platform/Developer/SDKs/MacOSX.sdk -stdlib=libc++ -internal-isystem /Users/Jeremi/opt/anaconda3/envs/svj/bin/../include/c++/v1 -internal-isystem /Applications/Xcode.app/Contents/Developer/Platforms/MacOSX.platform/Developer/SDKs/MacOSX.sdk/usr/local/include -internal-isystem /Users/jeremi/opt/anaconda3/envs/svj/lib/clang/11.1.0/include -internal-externc-isystem /Applications/Xcode.app/Contents/Developer/Platforms/MacOSX.platform/Developer/SDKs/MacOSX.sdk/usr/include -O2 -std=c++14 -fdeprecated-macro -fdebug-compilation-dir /Users/jeremi/Documents/Physics/Fellow/lightByLight2018/starlight_r313/build/CMakeFiles/CMakeTmp -ferror-limit 19 -fvisibility-inlines-hidden -stack-protector 2 -fblocks -fencode-extended-block-signature -fregister-global-dtors-with-atexit -fgnuc-version=4.2.1 -fcxx-exceptions -fexceptions -fmax-type-align=16 -vectorize-loops -vectorize-slp -o CMakeFiles/cmTC_ff409.dir/CMakeCXXCompilerABI.cpp.o -x c++ /usr/local/Cellar/cmake/3.20.2/share/cmake/Modules/CMakeCXXCompilerABI.cpp]
  ignore line: [clang -cc1 version 11.1.0 based upon LLVM 11.1.0 default target x86_64-apple-darwin20.6.0]
  ignore line: [ignoring nonexistent directory "/Applications/Xcode.app/Contents/Developer/Platforms/MacOSX.platform/Developer/SDKs/MacOSX.sdk/usr/local/include"]
  ignore line: [ignoring nonexistent directory "/Applications/Xcode.app/Contents/Developer/Platforms/MacOSX.platform/Developer/SDKs/MacOSX.sdk/Library/Frameworks"]
  ignore line: [#include "..." search starts here:]
  ignore line: [#include <...> search starts here:]
  ignore line: [ /Users/jeremi/opt/anaconda3/envs/svj/include]
  ignore line: [ /Users/Jeremi/opt/anaconda3/envs/svj/bin/../include/c++/v1]
  ignore line: [ /Users/jeremi/opt/anaconda3/envs/svj/lib/clang/11.1.0/include]
  ignore line: [ /Applications/Xcode.app/Contents/Developer/Platforms/MacOSX.platform/Developer/SDKs/MacOSX.sdk/usr/include]
  ignore line: [ /Applications/Xcode.app/Contents/Developer/Platforms/MacOSX.platform/Developer/SDKs/MacOSX.sdk/System/Library/Frameworks (framework directory)]
  ignore line: [End of search list.]
  ignore line: [Linking CXX executable cmTC_ff409]
  ignore line: [/usr/local/Cellar/cmake/3.20.2/bin/cmake -E cmake_link_script CMakeFiles/cmTC_ff409.dir/link.txt --verbose=1]
  ignore line: [/Users/Jeremi/opt/anaconda3/envs/svj/bin/x86_64-apple-darwin13.4.0-clang++ -march=core2 -mtune=haswell -mssse3 -ftree-vectorize -fPIC -fPIE -fstack-protector-strong -O2 -pipe -stdlib=libc++ -fvisibility-inlines-hidden -std=c++14 -fmessage-length=0 -isystem /Users/jeremi/opt/anaconda3/envs/svj/include  -isysroot /Applications/Xcode.app/Contents/Developer/Platforms/MacOSX.platform/Developer/SDKs/MacOSX.sdk -Wl -search_paths_first -Wl -headerpad_max_install_names -Wl -pie -Wl -headerpad_max_install_names -Wl -dead_strip_dylibs -Wl -rpath /Users/jeremi/opt/anaconda3/envs/ml/lib -L/Users/jeremi/opt/anaconda3/envs/ml/lib -v -Wl -v CMakeFiles/cmTC_ff409.dir/CMakeCXXCompilerABI.cpp.o -o cmTC_ff409 ]
  ignore line: [clang version 11.1.0]
  ignore line: [Target: x86_64-apple-darwin13.4.0]
  ignore line: [Thread model: posix]
  ignore line: [InstalledDir: /Users/Jeremi/opt/anaconda3/envs/svj/bin]
  link line: [ "/Users/Jeremi/opt/anaconda3/envs/svj/bin/x86_64-apple-darwin13.4.0-ld" -demangle -lto_library /Users/jeremi/opt/anaconda3/envs/svj/lib/libLTO.11.dylib -dynamic -arch x86_64 -platform_version macos 11.0.0 11.1 -pie -syslibroot /Applications/Xcode.app/Contents/Developer/Platforms/MacOSX.platform/Developer/SDKs/MacOSX.sdk -o cmTC_ff409 -L/Users/jeremi/opt/anaconda3/envs/ml/lib -search_paths_first -headerpad_max_install_names -pie -headerpad_max_install_names -dead_strip_dylibs -rpath /Users/jeremi/opt/anaconda3/envs/ml/lib -v CMakeFiles/cmTC_ff409.dir/CMakeCXXCompilerABI.cpp.o -lc++ -lSystem /Users/jeremi/opt/anaconda3/envs/svj/lib/clang/11.1.0/lib/darwin/libclang_rt.osx.a]
    arg [/Users/Jeremi/opt/anaconda3/envs/svj/bin/x86_64-apple-darwin13.4.0-ld] ==> ignore
    arg [-demangle] ==> ignore
    arg [-lto_library] ==> ignore, skip following value
    arg [/Users/jeremi/opt/anaconda3/envs/svj/lib/libLTO.11.dylib] ==> skip value of -lto_library
    arg [-dynamic] ==> ignore
    arg [-arch] ==> ignore
    arg [x86_64] ==> ignore
    arg [-platform_version] ==> ignore
    arg [macos] ==> ignore
    arg [11.0.0] ==> ignore
    arg [11.1] ==> ignore
    arg [-pie] ==> ignore
    arg [-syslibroot] ==> ignore
    arg [/Applications/Xcode.app/Contents/Developer/Platforms/MacOSX.platform/Developer/SDKs/MacOSX.sdk] ==> ignore
    arg [-o] ==> ignore
    arg [cmTC_ff409] ==> ignore
    arg [-L/Users/jeremi/opt/anaconda3/envs/ml/lib] ==> dir [/Users/jeremi/opt/anaconda3/envs/ml/lib]
    arg [-search_paths_first] ==> ignore
    arg [-headerpad_max_install_names] ==> ignore
    arg [-pie] ==> ignore
    arg [-headerpad_max_install_names] ==> ignore
    arg [-dead_strip_dylibs] ==> ignore
    arg [-rpath] ==> ignore
    arg [/Users/jeremi/opt/anaconda3/envs/ml/lib] ==> ignore
    arg [-v] ==> ignore
    arg [CMakeFiles/cmTC_ff409.dir/CMakeCXXCompilerABI.cpp.o] ==> ignore
    arg [-lc++] ==> lib [c++]
    arg [-lSystem] ==> lib [System]
    arg [/Users/jeremi/opt/anaconda3/envs/svj/lib/clang/11.1.0/lib/darwin/libclang_rt.osx.a] ==> lib [/Users/jeremi/opt/anaconda3/envs/svj/lib/clang/11.1.0/lib/darwin/libclang_rt.osx.a]
  Library search paths: [;/Users/jeremi/opt/anaconda3/envs/ml/lib;/Applications/Xcode.app/Contents/Developer/Platforms/MacOSX.platform/Developer/SDKs/MacOSX.sdk/usr/lib]
  Framework search paths: [;/Applications/Xcode.app/Contents/Developer/Platforms/MacOSX.platform/Developer/SDKs/MacOSX.sdk/System/Library/Frameworks/]
  remove lib [System]
  remove lib [/Users/jeremi/opt/anaconda3/envs/svj/lib/clang/11.1.0/lib/darwin/libclang_rt.osx.a]
  collapse library dir [/Users/jeremi/opt/anaconda3/envs/ml/lib] ==> [/Users/Jeremi/opt/anaconda3/envs/ml/lib]
  collapse library dir [/Users/jeremi/opt/anaconda3/envs/ml/lib] ==> [/Users/Jeremi/opt/anaconda3/envs/ml/lib]
  collapse library dir [/Applications/Xcode.app/Contents/Developer/Platforms/MacOSX.platform/Developer/SDKs/MacOSX.sdk/usr/lib] ==> [/Applications/Xcode.app/Contents/Developer/Platforms/MacOSX.platform/Developer/SDKs/MacOSX.sdk/usr/lib]
  collapse framework dir [/Applications/Xcode.app/Contents/Developer/Platforms/MacOSX.platform/Developer/SDKs/MacOSX.sdk/System/Library/Frameworks/] ==> [/Applications/Xcode.app/Contents/Developer/Platforms/MacOSX.platform/Developer/SDKs/MacOSX.sdk/System/Library/Frameworks]
  implicit libs: [c++]
  implicit objs: []
  implicit dirs: [/Users/Jeremi/opt/anaconda3/envs/ml/lib;/Applications/Xcode.app/Contents/Developer/Platforms/MacOSX.platform/Developer/SDKs/MacOSX.sdk/usr/lib]
  implicit fwks: [/Applications/Xcode.app/Contents/Developer/Platforms/MacOSX.platform/Developer/SDKs/MacOSX.sdk/System/Library/Frameworks]


